<?xml version="1.0" encoding="utf-8"?>
<shfbBuild product="Sandcastle Help File Builder and Tools" version="2025.9.30.0" projectFile="C:\Users\ASUS\Desktop\ase-boose-assignment-nischal07-create\Booseapp\boosedocumentation.shfbproj" started="12/8/2025 3:34:17 PM">
<buildStep step="Initializing">
The Sandcastle tools are located in &#39;C:\Program Files (x86)\EWSoftware\Sandcastle Help File Builder&#39;
Locating components in the following folder(s):
    C:\Users\ASUS\Desktop\ase-boose-assignment-nischal07-create\Booseapp
    C:\ProgramData\EWSoftware\Sandcastle Help File Builder\Components and Plug-Ins
    C:\Program Files (x86)\EWSoftware\Sandcastle Help File Builder\Components
Using framework reflection data for &#39;.NET Framework 4.7.2&#39; located in &#39;C:\Program Files (x86)\EWSoftware\Sandcastle Help File Builder\Data\.NETFramework&#39;
Using presentation style &#39;Default2022&#39; located in &#39;C:\Program Files (x86)\EWSoftware\Sandcastle Help File Builder\Components\Default2022&#39;
Loading and initializing plug-ins...
Website Table of Contents Generator Version 2025.9.30.0
Copyright &#169; 2006-2025, Eric Woodruff, All Rights Reserved
-------------------------------
Clearing any prior web/markdown output...
</buildStep>
<buildStep step="ValidatingDocumentationSources">
Validating and copying documentation source information
Source: C:\Users\ASUS\Desktop\ase-boose-assignment-nischal07-create\Booseapp\Booseapp\obj\Debug\net8.0-windows\Booseapp.xml
Source: C:\Users\ASUS\Desktop\ase-boose-assignment-nischal07-create\Booseapp\Booseapp\obj\Debug\net8.0-windows\Booseapp.dll
    Found assembly &#39;C:\Users\ASUS\Desktop\ase-boose-assignment-nischal07-create\Booseapp\Booseapp\obj\Debug\net8.0-windows\Booseapp.dll&#39;

References to include:
    BOOSE

Copying XML comments files
    C:\Users\ASUS\Desktop\ase-boose-assignment-nischal07-create\Booseapp\Booseapp\obj\Debug\net8.0-windows\Booseapp.xml -&gt; C:\Users\ASUS\Desktop\ase-boose-assignment-nischal07-create\Booseapp\Help\Working\Booseapp.xml
</buildStep>
<buildStep step="GenerateSharedContent">
Generating shared content files (en-US, English (United States))...
    Last step completed in 00:00:00.0048
</buildStep>
<buildStep step="GenerateApiFilter">
Generating API filter for MRefBuilder...
    Last step completed in 00:00:00.0208
</buildStep>
<buildStep step="GenerateReflectionInfo">
Generating reflection information...
[C:\Program Files\Microsoft Visual Studio\2022\Professional\MSBuild\Current\Bin\amd64\MSBuild.exe - GenerateRefInfo-338aea40-cf4a-4624-afe1-a288baa36b7f.proj]
Build started 12/8/2025 3:34:18 PM.

Project &quot;C:\Users\ASUS\Desktop\ase-boose-assignment-nischal07-create\Booseapp\Help\Working\GenerateRefInfo-338aea40-cf4a-4624-afe1-a288baa36b7f.proj&quot; on node 1 (default targets).
PrepareForBuild:
  Creating directory &quot;obj\Debug\&quot;.
GenerateRefInfo:
  Microsoft.Build (v17.14.23+b0019275ecd6d49bb192b2e055849e25419f1010)
  c Microsoft Corporation. All rights reserved.
  No source code context base path specified.  Source context information is unavailable.
  Loaded 1 assemblies for reflection and 104 dependency assemblies.
  Using framework redirect &#39;System.Windows.Forms, Version=4.0.0.0, Culture=neutral, PublicKeyToken=b77a5c561934e089&#39; in place of &#39;System.Windows.Forms, Version=8.0.0.0, Culture=neutral, PublicKeyToken=b77a5c561934e089&#39;
  Using framework redirect &#39;System, Version=4.0.0.0, Culture=neutral, PublicKeyToken=b77a5c561934e089&#39; in place of &#39;System, Version=4.0.0.0, Culture=neutral, PublicKeyToken=b77a5c561934e089&#39;
  Using automatic redirect &#39;System.ComponentModel.Primitives, Version=4.1.2.0, Culture=neutral, PublicKeyToken=b03f5f7f11d50a3a&#39; in place of &#39;System.ComponentModel.Primitives, Version=8.0.0.0, Culture=neutral, PublicKeyToken=b03f5f7f11d50a3a&#39;
  Using automatic redirect &#39;System.ComponentModel.EventBasedAsync, Version=4.0.11.0, Culture=neutral, PublicKeyToken=b03f5f7f11d50a3a&#39; in place of &#39;System.ComponentModel.EventBasedAsync, Version=8.0.0.0, Culture=neutral, PublicKeyToken=b03f5f7f11d50a3a&#39;
MRefBuilder : warning : Ignoring unresolved assembly reference: System.Drawing.Common (System.Drawing.Common, Version=8.0.0.0, Culture=neutral, PublicKeyToken=cc7b13ffcd2ddd51) required by Booseapp [C:\Users\ASUS\Desktop\ase-boose-assignment-nischal07-create\Booseapp\Help\Working\GenerateRefInfo-338aea40-cf4a-4624-afe1-a288baa36b7f.proj]
  Using framework redirect &#39;System.Drawing, Version=4.0.0.0, Culture=neutral, PublicKeyToken=b03f5f7f11d50a3a&#39; in place of &#39;System.Drawing, Version=4.0.0.0, Culture=neutral, PublicKeyToken=b03f5f7f11d50a3a&#39;
  Using framework redirect &#39;Accessibility, Version=4.0.0.0, Culture=neutral, PublicKeyToken=b03f5f7f11d50a3a&#39; in place of &#39;Accessibility, Version=4.0.0.0, Culture=neutral, PublicKeyToken=b03f5f7f11d50a3a&#39;
  Wrote information on 2 namespaces, 7 types, and 34 members
  Merging duplicate type and member information
  Merged 0 duplicate type(s) and 0 duplicate member(s)
Done Building Project &quot;C:\Users\ASUS\Desktop\ase-boose-assignment-nischal07-create\Booseapp\Help\Working\GenerateRefInfo-338aea40-cf4a-4624-afe1-a288baa36b7f.proj&quot; (default targets).
    Last step completed in 00:00:02.1098
</buildStep>
<buildStep step="ApplyDocumentModel">
Applying document model to reflection output...
    Last step completed in 00:00:00.1262
</buildStep>
<buildStep step="AddApiTopicFilenames">
Adding topic filenames to API members...
    Last step completed in 00:00:00.1063
</buildStep>
<buildStep step="GenerateApiTopicManifest">
Generating API topic manifest...
    Last step completed in 00:00:00.1062
</buildStep>
<buildStep step="GenerateNamespaceSummaries">
Generating namespace summary information...
    Last step completed in 00:00:00.0438
</buildStep>
<buildStep step="CopyAdditionalContent">
Copying additional content files...
No additional content to copy
    Last step completed in 00:00:00.0048
</buildStep>
<buildStep step="MergeTablesOfContents">
Merging conceptual and additional tables of contents...
    Last step completed in 00:00:00.0000
</buildStep>
<buildStep step="GenerateIntermediateTableOfContents">
Generating intermediate table of contents file for API content...
Generating conceptual content intermediate TOC file...
    Last step completed in 00:00:00.0587
</buildStep>
<buildStep step="CreateBuildAssemblerConfigs">
Creating Sandcastle configuration files...
    Last step completed in 00:00:00.7241
</buildStep>
<buildStep step="CombiningIntermediateTocFiles">
Combining conceptual and API intermediate TOC files...
    Last step completed in 00:00:00.0167
</buildStep>
<buildStep step="MergeCustomConfigs">
Merging custom build component configurations
C:\Users\ASUS\Desktop\ase-boose-assignment-nischal07-create\Booseapp\Help\Working\BuildAssembler.config
  Updating reference topic configurations.
  No conceptual content.  Removing conceptual content components.
    Last step completed in 00:00:00.0332
</buildStep>
<buildStep step="BuildTopics">
Building help topics...
<plugIn name="Website Table of Contents Generator" behavior="Before" priority="1000">
Loading TOC info and adding unique IDs to parent nodes
</plugIn>Loading configuration...
Processing topics...
SHFB: Warning BE0066: ShowMissingComponent: [N:BOOSE] Missing &lt;summary&gt; documentation
SHFB: Warning BE0066: ResolveReferenceLinksComponent: [N:BOOSE] Unknown reference link target &#39;T:BOOSE.ICanvas&#39;.
SHFB: Warning BE0066: ResolveReferenceLinksComponent: [N:BOOSE] Unknown reference link target &#39;T:BOOSE.CommandFactory&#39;.
SHFB: Warning BE0066: ResolveReferenceLinksComponent: [T:BOOSE.AppCanvas] Unknown reference link target &#39;T:BOOSE.ICanvas&#39;.
SHFB: Warning BE0066: ResolveReferenceLinksComponent: [T:BOOSE.AppCanvas] Unknown reference link target &#39;T:BOOSE.ICanvas&#39;.
SHFB: Warning BE0066: ResolveReferenceLinksComponent: [M:BOOSE.AppCanvas.Circle(System.Int32,System.Boolean)] Unknown reference link target &#39;M:BOOSE.ICanvas.Circle(System.Int32,System.Boolean)&#39;.
SHFB: Warning BE0066: ResolveReferenceLinksComponent: [M:BOOSE.AppCanvas.Clear] Unknown reference link target &#39;M:BOOSE.ICanvas.Clear&#39;.
SHFB: Warning BE0066: ResolveReferenceLinksComponent: [M:BOOSE.AppCanvas.DrawTo(System.Int32,System.Int32)] Unknown reference link target &#39;M:BOOSE.ICanvas.DrawTo(System.Int32,System.Int32)&#39;.
SHFB: Warning BE0066: ResolveReferenceLinksComponent: [M:BOOSE.AppCanvas.getBitmap] Unknown reference link target &#39;M:BOOSE.ICanvas.getBitmap&#39;.
SHFB: Warning BE0066: ResolveReferenceLinksComponent: [M:BOOSE.AppCanvas.MoveTo(System.Int32,System.Int32)] Unknown reference link target &#39;M:BOOSE.ICanvas.MoveTo(System.Int32,System.Int32)&#39;.
SHFB: Warning BE0066: ResolveReferenceLinksComponent: [P:BOOSE.AppCanvas.PenColour] Unknown reference link target &#39;P:BOOSE.ICanvas.PenColour&#39;.
SHFB: Warning BE0066: ResolveReferenceLinksComponent: [M:BOOSE.AppCanvas.Rect(System.Int32,System.Int32,System.Boolean)] Unknown reference link target &#39;M:BOOSE.ICanvas.Rect(System.Int32,System.Int32,System.Boolean)&#39;.
SHFB: Warning BE0066: ResolveReferenceLinksComponent: [M:BOOSE.AppCanvas.Reset] Unknown reference link target &#39;M:BOOSE.ICanvas.Reset&#39;.
SHFB: Warning BE0066: ResolveReferenceLinksComponent: [M:BOOSE.AppCanvas.Set(System.Int32,System.Int32)] Unknown reference link target &#39;M:BOOSE.ICanvas.Set(System.Int32,System.Int32)&#39;.
SHFB: Warning BE0066: ResolveReferenceLinksComponent: [M:BOOSE.AppCanvas.SetColour(System.Int32,System.Int32,System.Int32)] Unknown reference link target &#39;M:BOOSE.ICanvas.SetColour(System.Int32,System.Int32,System.Int32)&#39;.
SHFB: Warning BE0066: ResolveReferenceLinksComponent: [M:BOOSE.AppCanvas.Tri(System.Int32,System.Int32)] Unknown reference link target &#39;M:BOOSE.ICanvas.Tri(System.Int32,System.Int32)&#39;.
SHFB: Warning BE0066: ResolveReferenceLinksComponent: [M:BOOSE.AppCanvas.WriteText(System.String)] Unknown reference link target &#39;M:BOOSE.ICanvas.WriteText(System.String)&#39;.
SHFB: Warning BE0066: ResolveReferenceLinksComponent: [P:BOOSE.AppCanvas.Xpos] Unknown reference link target &#39;P:BOOSE.ICanvas.Xpos&#39;.
SHFB: Warning BE0066: ResolveReferenceLinksComponent: [P:BOOSE.AppCanvas.Ypos] Unknown reference link target &#39;P:BOOSE.ICanvas.Ypos&#39;.
SHFB: Warning BE0066: ResolveReferenceLinksComponent: [T:BOOSE.AppCommandFactory] Unknown reference link target &#39;T:BOOSE.CommandFactory&#39;.
SHFB: Warning BE0066: ResolveReferenceLinksComponent: [T:BOOSE.AppCommandFactory] Unknown reference link target &#39;T:BOOSE.CommandFactory&#39;.
SHFB: Warning BE0066: ResolveReferenceLinksComponent: [T:BOOSE.AppCommandFactory] Unknown reference link target &#39;M:BOOSE.CommandFactory.MakeCommand(System.String)&#39;.
SHFB: Warning BE0066: ResolveReferenceLinksComponent: [Methods.T:BOOSE.AppCommandFactory] Unknown reference link target &#39;M:BOOSE.CommandFactory.MakeCommand(System.String)&#39;.
SHFB: Warning BE0066: ResolveReferenceLinksComponent: [M:BOOSE.AppCommandFactory.MakeCommand(System.String)] Unknown reference link target &#39;T:BOOSE.ICommand&#39;.
SHFB: Warning BE0066: ResolveReferenceLinksComponent: [M:BOOSE.AppCommandFactory.MakeCommand(System.String)] Unknown reference link target &#39;T:BOOSE.ICommand&#39;.
SHFB: Warning BE0066: ResolveReferenceLinksComponent: [M:BOOSE.AppCommandFactory.MakeCommand(System.String)] Unknown reference link target &#39;M:BOOSE.ICommandFactory.MakeCommand(System.String)&#39;.
SHFB: Warning BE0066: ResolveReferenceLinksComponent: [T:BOOSE.Circle] Unknown reference link target &#39;T:BOOSE.Command&#39;.
SHFB: Warning BE0066: ResolveReferenceLinksComponent: [T:BOOSE.Circle] Unknown reference link target &#39;T:BOOSE.CanvasCommand&#39;.
SHFB: Warning BE0066: ResolveReferenceLinksComponent: [T:BOOSE.Circle] Unknown reference link target &#39;T:BOOSE.CommandOneParameter&#39;.
SHFB: Warning BE0066: ResolveReferenceLinksComponent: [T:BOOSE.Circle] Unknown reference link target &#39;P:BOOSE.CanvasCommand.Canvas&#39;.
SHFB: Warning BE0066: ResolveReferenceLinksComponent: [T:BOOSE.Circle] Unknown reference link target &#39;T:BOOSE.CanvasCommand&#39;.
SHFB: Warning BE0066: ResolveReferenceLinksComponent: [T:BOOSE.Circle] Unknown reference link target &#39;P:BOOSE.Command.Name&#39;.
SHFB: Warning BE0066: ResolveReferenceLinksComponent: [T:BOOSE.Circle] Unknown reference link target &#39;T:BOOSE.Command&#39;.
SHFB: Warning BE0066: ResolveReferenceLinksComponent: [T:BOOSE.Circle] Unknown reference link target &#39;P:BOOSE.Command.ParameterList&#39;.
SHFB: Warning BE0066: ResolveReferenceLinksComponent: [T:BOOSE.Circle] Unknown reference link target &#39;T:BOOSE.Command&#39;.
SHFB: Warning BE0066: ResolveReferenceLinksComponent: [T:BOOSE.Circle] Unknown reference link target &#39;P:BOOSE.Command.Parameters&#39;.
SHFB: Warning BE0066: ResolveReferenceLinksComponent: [T:BOOSE.Circle] Unknown reference link target &#39;T:BOOSE.Command&#39;.
SHFB: Warning BE0066: ResolveReferenceLinksComponent: [T:BOOSE.Circle] Unknown reference link target &#39;P:BOOSE.Command.Paramsint&#39;.
SHFB: Warning BE0066: ResolveReferenceLinksComponent: [T:BOOSE.Circle] Unknown reference link target &#39;T:BOOSE.Command&#39;.
SHFB: Warning BE0066: ResolveReferenceLinksComponent: [T:BOOSE.Circle] Unknown reference link target &#39;P:BOOSE.Command.Program&#39;.
SHFB: Warning BE0066: ResolveReferenceLinksComponent: [T:BOOSE.Circle] Unknown reference link target &#39;T:BOOSE.Command&#39;.
SHFB: Warning BE0066: ResolveReferenceLinksComponent: [T:BOOSE.Circle] Unknown reference link target &#39;M:BOOSE.CommandOneParameter.CheckParameters(System.String[])&#39;.
SHFB: Warning BE0066: ResolveReferenceLinksComponent: [T:BOOSE.Circle] Unknown reference link target &#39;M:BOOSE.Command.Compile&#39;.
SHFB: Warning BE0066: ResolveReferenceLinksComponent: [T:BOOSE.Circle] Unknown reference link target &#39;T:BOOSE.Command&#39;.
SHFB: Warning BE0066: ResolveReferenceLinksComponent: [T:BOOSE.Circle] Unknown reference link target &#39;M:BOOSE.Command.Execute&#39;.
SHFB: Warning BE0066: ResolveReferenceLinksComponent: [T:BOOSE.Circle] Unknown reference link target &#39;M:BOOSE.Command.ProcessParameters(System.String)&#39;.
SHFB: Warning BE0066: ResolveReferenceLinksComponent: [T:BOOSE.Circle] Unknown reference link target &#39;T:BOOSE.Command&#39;.
SHFB: Warning BE0066: ResolveReferenceLinksComponent: [T:BOOSE.Circle] Unknown reference link target &#39;M:BOOSE.Command.Set(BOOSE.StoredProgram,System.String)&#39;.
SHFB: Warning BE0066: ResolveReferenceLinksComponent: [T:BOOSE.Circle] Unknown reference link target &#39;T:BOOSE.Command&#39;.
SHFB: Warning BE0066: ResolveReferenceLinksComponent: [T:BOOSE.Circle] Unknown reference link target &#39;M:BOOSE.Command.ToString&#39;.
SHFB: Warning BE0066: ResolveReferenceLinksComponent: [T:BOOSE.Circle] Unknown reference link target &#39;T:BOOSE.Command&#39;.
SHFB: Warning BE0066: ResolveReferenceLinksComponent: [T:BOOSE.Circle] Unknown reference link target &#39;F:BOOSE.CanvasCommand.canvas&#39;.
SHFB: Warning BE0066: ResolveReferenceLinksComponent: [T:BOOSE.Circle] Unknown reference link target &#39;T:BOOSE.CanvasCommand&#39;.
SHFB: Warning BE0066: ResolveReferenceLinksComponent: [T:BOOSE.Circle] Unknown reference link target &#39;F:BOOSE.Command.IsDouble&#39;.
SHFB: Warning BE0066: ResolveReferenceLinksComponent: [T:BOOSE.Circle] Unknown reference link target &#39;T:BOOSE.Command&#39;.
SHFB: Warning BE0066: ResolveReferenceLinksComponent: [T:BOOSE.Circle] Unknown reference link target &#39;F:BOOSE.CommandOneParameter.param1&#39;.
SHFB: Warning BE0066: ResolveReferenceLinksComponent: [T:BOOSE.Circle] Unknown reference link target &#39;T:BOOSE.CommandOneParameter&#39;.
SHFB: Warning BE0066: ResolveReferenceLinksComponent: [T:BOOSE.Circle] Unknown reference link target &#39;F:BOOSE.CommandOneParameter.param1unprocessed&#39;.
SHFB: Warning BE0066: ResolveReferenceLinksComponent: [T:BOOSE.Circle] Unknown reference link target &#39;T:BOOSE.CommandOneParameter&#39;.
SHFB: Warning BE0066: ResolveReferenceLinksComponent: [T:BOOSE.Circle] Unknown reference link target &#39;F:BOOSE.Command.parameterList&#39;.
SHFB: Warning BE0066: ResolveReferenceLinksComponent: [T:BOOSE.Circle] Unknown reference link target &#39;T:BOOSE.Command&#39;.
SHFB: Warning BE0066: ResolveReferenceLinksComponent: [T:BOOSE.Circle] Unknown reference link target &#39;F:BOOSE.Command.parameters&#39;.
SHFB: Warning BE0066: ResolveReferenceLinksComponent: [T:BOOSE.Circle] Unknown reference link target &#39;T:BOOSE.Command&#39;.
SHFB: Warning BE0066: ResolveReferenceLinksComponent: [T:BOOSE.Circle] Unknown reference link target &#39;F:BOOSE.Command.paramsint&#39;.
SHFB: Warning BE0066: ResolveReferenceLinksComponent: [T:BOOSE.Circle] Unknown reference link target &#39;T:BOOSE.Command&#39;.
SHFB: Warning BE0066: ResolveReferenceLinksComponent: [T:BOOSE.Circle] Unknown reference link target &#39;F:BOOSE.Command.program&#39;.
SHFB: Warning BE0066: ResolveReferenceLinksComponent: [T:BOOSE.Circle] Unknown reference link target &#39;T:BOOSE.Command&#39;.
SHFB: Warning BE0066: ResolveReferenceLinksComponent: [T:BOOSE.Circle] Unknown reference link target &#39;F:BOOSE.CanvasCommand.xPos&#39;.
SHFB: Warning BE0066: ResolveReferenceLinksComponent: [T:BOOSE.Circle] Unknown reference link target &#39;T:BOOSE.CanvasCommand&#39;.
SHFB: Warning BE0066: ResolveReferenceLinksComponent: [T:BOOSE.Circle] Unknown reference link target &#39;F:BOOSE.CanvasCommand.yPos&#39;.
SHFB: Warning BE0066: ResolveReferenceLinksComponent: [T:BOOSE.Circle] Unknown reference link target &#39;T:BOOSE.CanvasCommand&#39;.
SHFB: Warning BE0066: ResolveReferenceLinksComponent: [Methods.T:BOOSE.Circle] Unknown reference link target &#39;M:BOOSE.CommandOneParameter.CheckParameters(System.String[])&#39;.
SHFB: Warning BE0066: ResolveReferenceLinksComponent: [Methods.T:BOOSE.Circle] Unknown reference link target &#39;M:BOOSE.Command.Compile&#39;.
SHFB: Warning BE0066: ResolveReferenceLinksComponent: [Methods.T:BOOSE.Circle] Unknown reference link target &#39;T:BOOSE.Command&#39;.
SHFB: Warning BE0066: ResolveReferenceLinksComponent: [Methods.T:BOOSE.Circle] Unknown reference link target &#39;M:BOOSE.Command.Execute&#39;.
SHFB: Warning BE0066: ResolveReferenceLinksComponent: [Methods.T:BOOSE.Circle] Unknown reference link target &#39;M:BOOSE.Command.ProcessParameters(System.String)&#39;.
SHFB: Warning BE0066: ResolveReferenceLinksComponent: [Methods.T:BOOSE.Circle] Unknown reference link target &#39;T:BOOSE.Command&#39;.
SHFB: Warning BE0066: ResolveReferenceLinksComponent: [Methods.T:BOOSE.Circle] Unknown reference link target &#39;M:BOOSE.Command.Set(BOOSE.StoredProgram,System.String)&#39;.
SHFB: Warning BE0066: ResolveReferenceLinksComponent: [Methods.T:BOOSE.Circle] Unknown reference link target &#39;T:BOOSE.Command&#39;.
SHFB: Warning BE0066: ResolveReferenceLinksComponent: [Methods.T:BOOSE.Circle] Unknown reference link target &#39;M:BOOSE.Command.ToString&#39;.
SHFB: Warning BE0066: ResolveReferenceLinksComponent: [Methods.T:BOOSE.Circle] Unknown reference link target &#39;T:BOOSE.Command&#39;.
SHFB: Warning BE0066: ResolveReferenceLinksComponent: [Properties.T:BOOSE.Circle] Unknown reference link target &#39;P:BOOSE.CanvasCommand.Canvas&#39;.
SHFB: Warning BE0066: ResolveReferenceLinksComponent: [Properties.T:BOOSE.Circle] Unknown reference link target &#39;T:BOOSE.CanvasCommand&#39;.
SHFB: Warning BE0066: ResolveReferenceLinksComponent: [Properties.T:BOOSE.Circle] Unknown reference link target &#39;P:BOOSE.Command.Name&#39;.
SHFB: Warning BE0066: ResolveReferenceLinksComponent: [Properties.T:BOOSE.Circle] Unknown reference link target &#39;T:BOOSE.Command&#39;.
SHFB: Warning BE0066: ResolveReferenceLinksComponent: [Properties.T:BOOSE.Circle] Unknown reference link target &#39;P:BOOSE.Command.ParameterList&#39;.
SHFB: Warning BE0066: ResolveReferenceLinksComponent: [Properties.T:BOOSE.Circle] Unknown reference link target &#39;T:BOOSE.Command&#39;.
SHFB: Warning BE0066: ResolveReferenceLinksComponent: [Properties.T:BOOSE.Circle] Unknown reference link target &#39;P:BOOSE.Command.Parameters&#39;.
SHFB: Warning BE0066: ResolveReferenceLinksComponent: [Properties.T:BOOSE.Circle] Unknown reference link target &#39;T:BOOSE.Command&#39;.
SHFB: Warning BE0066: ResolveReferenceLinksComponent: [Properties.T:BOOSE.Circle] Unknown reference link target &#39;P:BOOSE.Command.Paramsint&#39;.
SHFB: Warning BE0066: ResolveReferenceLinksComponent: [Properties.T:BOOSE.Circle] Unknown reference link target &#39;T:BOOSE.Command&#39;.
SHFB: Warning BE0066: ResolveReferenceLinksComponent: [Properties.T:BOOSE.Circle] Unknown reference link target &#39;P:BOOSE.Command.Program&#39;.
SHFB: Warning BE0066: ResolveReferenceLinksComponent: [Properties.T:BOOSE.Circle] Unknown reference link target &#39;T:BOOSE.Command&#39;.
SHFB: Warning BE0066: ResolveReferenceLinksComponent: [Fields.T:BOOSE.Circle] Unknown reference link target &#39;F:BOOSE.CanvasCommand.canvas&#39;.
SHFB: Warning BE0066: ResolveReferenceLinksComponent: [Fields.T:BOOSE.Circle] Unknown reference link target &#39;T:BOOSE.CanvasCommand&#39;.
SHFB: Warning BE0066: ResolveReferenceLinksComponent: [Fields.T:BOOSE.Circle] Unknown reference link target &#39;F:BOOSE.Command.IsDouble&#39;.
SHFB: Warning BE0066: ResolveReferenceLinksComponent: [Fields.T:BOOSE.Circle] Unknown reference link target &#39;T:BOOSE.Command&#39;.
SHFB: Warning BE0066: ResolveReferenceLinksComponent: [Fields.T:BOOSE.Circle] Unknown reference link target &#39;F:BOOSE.CommandOneParameter.param1&#39;.
SHFB: Warning BE0066: ResolveReferenceLinksComponent: [Fields.T:BOOSE.Circle] Unknown reference link target &#39;T:BOOSE.CommandOneParameter&#39;.
SHFB: Warning BE0066: ResolveReferenceLinksComponent: [Fields.T:BOOSE.Circle] Unknown reference link target &#39;F:BOOSE.CommandOneParameter.param1unprocessed&#39;.
SHFB: Warning BE0066: ResolveReferenceLinksComponent: [Fields.T:BOOSE.Circle] Unknown reference link target &#39;T:BOOSE.CommandOneParameter&#39;.
SHFB: Warning BE0066: ResolveReferenceLinksComponent: [Fields.T:BOOSE.Circle] Unknown reference link target &#39;F:BOOSE.Command.parameterList&#39;.
SHFB: Warning BE0066: ResolveReferenceLinksComponent: [Fields.T:BOOSE.Circle] Unknown reference link target &#39;T:BOOSE.Command&#39;.
SHFB: Warning BE0066: ResolveReferenceLinksComponent: [Fields.T:BOOSE.Circle] Unknown reference link target &#39;F:BOOSE.Command.parameters&#39;.
SHFB: Warning BE0066: ResolveReferenceLinksComponent: [Fields.T:BOOSE.Circle] Unknown reference link target &#39;T:BOOSE.Command&#39;.
SHFB: Warning BE0066: ResolveReferenceLinksComponent: [Fields.T:BOOSE.Circle] Unknown reference link target &#39;F:BOOSE.Command.paramsint&#39;.
SHFB: Warning BE0066: ResolveReferenceLinksComponent: [Fields.T:BOOSE.Circle] Unknown reference link target &#39;T:BOOSE.Command&#39;.
SHFB: Warning BE0066: ResolveReferenceLinksComponent: [Fields.T:BOOSE.Circle] Unknown reference link target &#39;F:BOOSE.Command.program&#39;.
SHFB: Warning BE0066: ResolveReferenceLinksComponent: [Fields.T:BOOSE.Circle] Unknown reference link target &#39;T:BOOSE.Command&#39;.
SHFB: Warning BE0066: ResolveReferenceLinksComponent: [Fields.T:BOOSE.Circle] Unknown reference link target &#39;F:BOOSE.CanvasCommand.xPos&#39;.
SHFB: Warning BE0066: ResolveReferenceLinksComponent: [Fields.T:BOOSE.Circle] Unknown reference link target &#39;T:BOOSE.CanvasCommand&#39;.
SHFB: Warning BE0066: ResolveReferenceLinksComponent: [Fields.T:BOOSE.Circle] Unknown reference link target &#39;F:BOOSE.CanvasCommand.yPos&#39;.
SHFB: Warning BE0066: ResolveReferenceLinksComponent: [Fields.T:BOOSE.Circle] Unknown reference link target &#39;T:BOOSE.CanvasCommand&#39;.
SHFB: Warning BE0066: ResolveReferenceLinksComponent: [M:BOOSE.Circle.#ctor(BOOSE.Canvas,System.Int32)] Unknown reference link target &#39;T:BOOSE.Canvas&#39;.
SHFB: Warning BE0066: ResolveReferenceLinksComponent: [M:BOOSE.Circle.CheckParameters(System.String[])] Unknown reference link target &#39;M:BOOSE.ICommand.CheckParameters(System.String[])&#39;.
SHFB: Warning BE0066: ResolveReferenceLinksComponent: [M:BOOSE.Circle.Execute] Unknown reference link target &#39;M:BOOSE.ICommand.Execute&#39;.
SHFB: Warning BE0066: ResolveReferenceLinksComponent: [M:BOOSE.Circle.Execute] Unknown reference link target &#39;T:BOOSE.CanvasException&#39;.
SHFB: Warning BE0066: ResolveReferenceLinksComponent: [T:BOOSE.MoveTo] Unknown reference link target &#39;T:BOOSE.Command&#39;.
SHFB: Warning BE0066: ResolveReferenceLinksComponent: [T:BOOSE.MoveTo] Unknown reference link target &#39;T:BOOSE.CanvasCommand&#39;.
SHFB: Warning BE0066: ResolveReferenceLinksComponent: [T:BOOSE.MoveTo] Unknown reference link target &#39;T:BOOSE.CommandOneParameter&#39;.
SHFB: Warning BE0066: ResolveReferenceLinksComponent: [T:BOOSE.MoveTo] Unknown reference link target &#39;T:BOOSE.CommandTwoParameters&#39;.
SHFB: Warning BE0066: ResolveReferenceLinksComponent: [T:BOOSE.MoveTo] Unknown reference link target &#39;P:BOOSE.CanvasCommand.Canvas&#39;.
SHFB: Warning BE0066: ResolveReferenceLinksComponent: [T:BOOSE.MoveTo] Unknown reference link target &#39;T:BOOSE.CanvasCommand&#39;.
SHFB: Warning BE0066: ResolveReferenceLinksComponent: [T:BOOSE.MoveTo] Unknown reference link target &#39;P:BOOSE.Command.Name&#39;.
SHFB: Warning BE0066: ResolveReferenceLinksComponent: [T:BOOSE.MoveTo] Unknown reference link target &#39;T:BOOSE.Command&#39;.
SHFB: Warning BE0066: ResolveReferenceLinksComponent: [T:BOOSE.MoveTo] Unknown reference link target &#39;P:BOOSE.Command.ParameterList&#39;.
SHFB: Warning BE0066: ResolveReferenceLinksComponent: [T:BOOSE.MoveTo] Unknown reference link target &#39;T:BOOSE.Command&#39;.
SHFB: Warning BE0066: ResolveReferenceLinksComponent: [T:BOOSE.MoveTo] Unknown reference link target &#39;P:BOOSE.Command.Parameters&#39;.
SHFB: Warning BE0066: ResolveReferenceLinksComponent: [T:BOOSE.MoveTo] Unknown reference link target &#39;T:BOOSE.Command&#39;.
SHFB: Warning BE0066: ResolveReferenceLinksComponent: [T:BOOSE.MoveTo] Unknown reference link target &#39;P:BOOSE.Command.Paramsint&#39;.
SHFB: Warning BE0066: ResolveReferenceLinksComponent: [T:BOOSE.MoveTo] Unknown reference link target &#39;T:BOOSE.Command&#39;.
SHFB: Warning BE0066: ResolveReferenceLinksComponent: [T:BOOSE.MoveTo] Unknown reference link target &#39;P:BOOSE.Command.Program&#39;.
SHFB: Warning BE0066: ResolveReferenceLinksComponent: [T:BOOSE.MoveTo] Unknown reference link target &#39;T:BOOSE.Command&#39;.
SHFB: Warning BE0066: ResolveReferenceLinksComponent: [T:BOOSE.MoveTo] Unknown reference link target &#39;M:BOOSE.CommandTwoParameters.CheckParameters(System.String[])&#39;.
SHFB: Warning BE0066: ResolveReferenceLinksComponent: [T:BOOSE.MoveTo] Unknown reference link target &#39;M:BOOSE.Command.Compile&#39;.
SHFB: Warning BE0066: ResolveReferenceLinksComponent: [T:BOOSE.MoveTo] Unknown reference link target &#39;T:BOOSE.Command&#39;.
SHFB: Warning BE0066: ResolveReferenceLinksComponent: [T:BOOSE.MoveTo] Unknown reference link target &#39;T:BOOSE.CanvasException&#39;.
SHFB: Warning BE0066: ResolveReferenceLinksComponent: [T:BOOSE.MoveTo] Unknown reference link target &#39;M:BOOSE.Command.Execute&#39;.
SHFB: Warning BE0066: ResolveReferenceLinksComponent: [T:BOOSE.MoveTo] Unknown reference link target &#39;M:BOOSE.Command.ProcessParameters(System.String)&#39;.
SHFB: Warning BE0066: ResolveReferenceLinksComponent: [T:BOOSE.MoveTo] Unknown reference link target &#39;T:BOOSE.Command&#39;.
SHFB: Warning BE0066: ResolveReferenceLinksComponent: [T:BOOSE.MoveTo] Unknown reference link target &#39;M:BOOSE.Command.Set(BOOSE.StoredProgram,System.String)&#39;.
SHFB: Warning BE0066: ResolveReferenceLinksComponent: [T:BOOSE.MoveTo] Unknown reference link target &#39;T:BOOSE.Command&#39;.
SHFB: Warning BE0066: ResolveReferenceLinksComponent: [T:BOOSE.MoveTo] Unknown reference link target &#39;M:BOOSE.Command.ToString&#39;.
SHFB: Warning BE0066: ResolveReferenceLinksComponent: [T:BOOSE.MoveTo] Unknown reference link target &#39;T:BOOSE.Command&#39;.
SHFB: Warning BE0066: ResolveReferenceLinksComponent: [T:BOOSE.MoveTo] Unknown reference link target &#39;F:BOOSE.CanvasCommand.canvas&#39;.
SHFB: Warning BE0066: ResolveReferenceLinksComponent: [T:BOOSE.MoveTo] Unknown reference link target &#39;T:BOOSE.CanvasCommand&#39;.
SHFB: Warning BE0066: ResolveReferenceLinksComponent: [T:BOOSE.MoveTo] Unknown reference link target &#39;F:BOOSE.Command.IsDouble&#39;.
SHFB: Warning BE0066: ResolveReferenceLinksComponent: [T:BOOSE.MoveTo] Unknown reference link target &#39;T:BOOSE.Command&#39;.
SHFB: Warning BE0066: ResolveReferenceLinksComponent: [T:BOOSE.MoveTo] Unknown reference link target &#39;F:BOOSE.CommandOneParameter.param1&#39;.
SHFB: Warning BE0066: ResolveReferenceLinksComponent: [T:BOOSE.MoveTo] Unknown reference link target &#39;T:BOOSE.CommandOneParameter&#39;.
SHFB: Warning BE0066: ResolveReferenceLinksComponent: [T:BOOSE.MoveTo] Unknown reference link target &#39;F:BOOSE.CommandOneParameter.param1unprocessed&#39;.
SHFB: Warning BE0066: ResolveReferenceLinksComponent: [T:BOOSE.MoveTo] Unknown reference link target &#39;T:BOOSE.CommandOneParameter&#39;.
SHFB: Warning BE0066: ResolveReferenceLinksComponent: [T:BOOSE.MoveTo] Unknown reference link target &#39;F:BOOSE.CommandTwoParameters.param2&#39;.
SHFB: Warning BE0066: ResolveReferenceLinksComponent: [T:BOOSE.MoveTo] Unknown reference link target &#39;T:BOOSE.CommandTwoParameters&#39;.
SHFB: Warning BE0066: ResolveReferenceLinksComponent: [T:BOOSE.MoveTo] Unknown reference link target &#39;F:BOOSE.CommandTwoParameters.param2unprocessed&#39;.
SHFB: Warning BE0066: ResolveReferenceLinksComponent: [T:BOOSE.MoveTo] Unknown reference link target &#39;T:BOOSE.CommandTwoParameters&#39;.
SHFB: Warning BE0066: ResolveReferenceLinksComponent: [T:BOOSE.MoveTo] Unknown reference link target &#39;F:BOOSE.Command.parameterList&#39;.
SHFB: Warning BE0066: ResolveReferenceLinksComponent: [T:BOOSE.MoveTo] Unknown reference link target &#39;T:BOOSE.Command&#39;.
SHFB: Warning BE0066: ResolveReferenceLinksComponent: [T:BOOSE.MoveTo] Unknown reference link target &#39;F:BOOSE.Command.parameters&#39;.
SHFB: Warning BE0066: ResolveReferenceLinksComponent: [T:BOOSE.MoveTo] Unknown reference link target &#39;T:BOOSE.Command&#39;.
SHFB: Warning BE0066: ResolveReferenceLinksComponent: [T:BOOSE.MoveTo] Unknown reference link target &#39;F:BOOSE.Command.paramsint&#39;.
SHFB: Warning BE0066: ResolveReferenceLinksComponent: [T:BOOSE.MoveTo] Unknown reference link target &#39;T:BOOSE.Command&#39;.
SHFB: Warning BE0066: ResolveReferenceLinksComponent: [T:BOOSE.MoveTo] Unknown reference link target &#39;F:BOOSE.Command.program&#39;.
SHFB: Warning BE0066: ResolveReferenceLinksComponent: [T:BOOSE.MoveTo] Unknown reference link target &#39;T:BOOSE.Command&#39;.
SHFB: Warning BE0066: ResolveReferenceLinksComponent: [T:BOOSE.MoveTo] Unknown reference link target &#39;F:BOOSE.CanvasCommand.xPos&#39;.
SHFB: Warning BE0066: ResolveReferenceLinksComponent: [T:BOOSE.MoveTo] Unknown reference link target &#39;T:BOOSE.CanvasCommand&#39;.
SHFB: Warning BE0066: ResolveReferenceLinksComponent: [T:BOOSE.MoveTo] Unknown reference link target &#39;F:BOOSE.CanvasCommand.yPos&#39;.
SHFB: Warning BE0066: ResolveReferenceLinksComponent: [T:BOOSE.MoveTo] Unknown reference link target &#39;T:BOOSE.CanvasCommand&#39;.
SHFB: Warning BE0066: ResolveReferenceLinksComponent: [Methods.T:BOOSE.MoveTo] Unknown reference link target &#39;M:BOOSE.CommandTwoParameters.CheckParameters(System.String[])&#39;.
SHFB: Warning BE0066: ResolveReferenceLinksComponent: [Methods.T:BOOSE.MoveTo] Unknown reference link target &#39;M:BOOSE.Command.Compile&#39;.
SHFB: Warning BE0066: ResolveReferenceLinksComponent: [Methods.T:BOOSE.MoveTo] Unknown reference link target &#39;T:BOOSE.Command&#39;.
SHFB: Warning BE0066: ResolveReferenceLinksComponent: [Methods.T:BOOSE.MoveTo] Unknown reference link target &#39;T:BOOSE.CanvasException&#39;.
SHFB: Warning BE0066: ResolveReferenceLinksComponent: [Methods.T:BOOSE.MoveTo] Unknown reference link target &#39;M:BOOSE.Command.Execute&#39;.
SHFB: Warning BE0066: ResolveReferenceLinksComponent: [Methods.T:BOOSE.MoveTo] Unknown reference link target &#39;M:BOOSE.Command.ProcessParameters(System.String)&#39;.
SHFB: Warning BE0066: ResolveReferenceLinksComponent: [Methods.T:BOOSE.MoveTo] Unknown reference link target &#39;T:BOOSE.Command&#39;.
SHFB: Warning BE0066: ResolveReferenceLinksComponent: [Methods.T:BOOSE.MoveTo] Unknown reference link target &#39;M:BOOSE.Command.Set(BOOSE.StoredProgram,System.String)&#39;.
SHFB: Warning BE0066: ResolveReferenceLinksComponent: [Methods.T:BOOSE.MoveTo] Unknown reference link target &#39;T:BOOSE.Command&#39;.
SHFB: Warning BE0066: ResolveReferenceLinksComponent: [Methods.T:BOOSE.MoveTo] Unknown reference link target &#39;M:BOOSE.Command.ToString&#39;.
SHFB: Warning BE0066: ResolveReferenceLinksComponent: [Methods.T:BOOSE.MoveTo] Unknown reference link target &#39;T:BOOSE.Command&#39;.
SHFB: Warning BE0066: ResolveReferenceLinksComponent: [Properties.T:BOOSE.MoveTo] Unknown reference link target &#39;P:BOOSE.CanvasCommand.Canvas&#39;.
SHFB: Warning BE0066: ResolveReferenceLinksComponent: [Properties.T:BOOSE.MoveTo] Unknown reference link target &#39;T:BOOSE.CanvasCommand&#39;.
SHFB: Warning BE0066: ResolveReferenceLinksComponent: [Properties.T:BOOSE.MoveTo] Unknown reference link target &#39;P:BOOSE.Command.Name&#39;.
SHFB: Warning BE0066: ResolveReferenceLinksComponent: [Properties.T:BOOSE.MoveTo] Unknown reference link target &#39;T:BOOSE.Command&#39;.
SHFB: Warning BE0066: ResolveReferenceLinksComponent: [Properties.T:BOOSE.MoveTo] Unknown reference link target &#39;P:BOOSE.Command.ParameterList&#39;.
SHFB: Warning BE0066: ResolveReferenceLinksComponent: [Properties.T:BOOSE.MoveTo] Unknown reference link target &#39;T:BOOSE.Command&#39;.
SHFB: Warning BE0066: ResolveReferenceLinksComponent: [Properties.T:BOOSE.MoveTo] Unknown reference link target &#39;P:BOOSE.Command.Parameters&#39;.
SHFB: Warning BE0066: ResolveReferenceLinksComponent: [Properties.T:BOOSE.MoveTo] Unknown reference link target &#39;T:BOOSE.Command&#39;.
SHFB: Warning BE0066: ResolveReferenceLinksComponent: [Properties.T:BOOSE.MoveTo] Unknown reference link target &#39;P:BOOSE.Command.Paramsint&#39;.
SHFB: Warning BE0066: ResolveReferenceLinksComponent: [Properties.T:BOOSE.MoveTo] Unknown reference link target &#39;T:BOOSE.Command&#39;.
SHFB: Warning BE0066: ResolveReferenceLinksComponent: [Properties.T:BOOSE.MoveTo] Unknown reference link target &#39;P:BOOSE.Command.Program&#39;.
SHFB: Warning BE0066: ResolveReferenceLinksComponent: [Properties.T:BOOSE.MoveTo] Unknown reference link target &#39;T:BOOSE.Command&#39;.
SHFB: Warning BE0066: ResolveReferenceLinksComponent: [Fields.T:BOOSE.MoveTo] Unknown reference link target &#39;F:BOOSE.CanvasCommand.canvas&#39;.
SHFB: Warning BE0066: ResolveReferenceLinksComponent: [Fields.T:BOOSE.MoveTo] Unknown reference link target &#39;T:BOOSE.CanvasCommand&#39;.
SHFB: Warning BE0066: ResolveReferenceLinksComponent: [Fields.T:BOOSE.MoveTo] Unknown reference link target &#39;F:BOOSE.Command.IsDouble&#39;.
SHFB: Warning BE0066: ResolveReferenceLinksComponent: [Fields.T:BOOSE.MoveTo] Unknown reference link target &#39;T:BOOSE.Command&#39;.
SHFB: Warning BE0066: ResolveReferenceLinksComponent: [Fields.T:BOOSE.MoveTo] Unknown reference link target &#39;F:BOOSE.CommandOneParameter.param1&#39;.
SHFB: Warning BE0066: ResolveReferenceLinksComponent: [Fields.T:BOOSE.MoveTo] Unknown reference link target &#39;T:BOOSE.CommandOneParameter&#39;.
SHFB: Warning BE0066: ResolveReferenceLinksComponent: [Fields.T:BOOSE.MoveTo] Unknown reference link target &#39;F:BOOSE.CommandOneParameter.param1unprocessed&#39;.
SHFB: Warning BE0066: ResolveReferenceLinksComponent: [Fields.T:BOOSE.MoveTo] Unknown reference link target &#39;T:BOOSE.CommandOneParameter&#39;.
SHFB: Warning BE0066: ResolveReferenceLinksComponent: [Fields.T:BOOSE.MoveTo] Unknown reference link target &#39;F:BOOSE.CommandTwoParameters.param2&#39;.
SHFB: Warning BE0066: ResolveReferenceLinksComponent: [Fields.T:BOOSE.MoveTo] Unknown reference link target &#39;T:BOOSE.CommandTwoParameters&#39;.
SHFB: Warning BE0066: ResolveReferenceLinksComponent: [Fields.T:BOOSE.MoveTo] Unknown reference link target &#39;F:BOOSE.CommandTwoParameters.param2unprocessed&#39;.
SHFB: Warning BE0066: ResolveReferenceLinksComponent: [Fields.T:BOOSE.MoveTo] Unknown reference link target &#39;T:BOOSE.CommandTwoParameters&#39;.
SHFB: Warning BE0066: ResolveReferenceLinksComponent: [Fields.T:BOOSE.MoveTo] Unknown reference link target &#39;F:BOOSE.Command.parameterList&#39;.
SHFB: Warning BE0066: ResolveReferenceLinksComponent: [Fields.T:BOOSE.MoveTo] Unknown reference link target &#39;T:BOOSE.Command&#39;.
SHFB: Warning BE0066: ResolveReferenceLinksComponent: [Fields.T:BOOSE.MoveTo] Unknown reference link target &#39;F:BOOSE.Command.parameters&#39;.
SHFB: Warning BE0066: ResolveReferenceLinksComponent: [Fields.T:BOOSE.MoveTo] Unknown reference link target &#39;T:BOOSE.Command&#39;.
SHFB: Warning BE0066: ResolveReferenceLinksComponent: [Fields.T:BOOSE.MoveTo] Unknown reference link target &#39;F:BOOSE.Command.paramsint&#39;.
SHFB: Warning BE0066: ResolveReferenceLinksComponent: [Fields.T:BOOSE.MoveTo] Unknown reference link target &#39;T:BOOSE.Command&#39;.
SHFB: Warning BE0066: ResolveReferenceLinksComponent: [Fields.T:BOOSE.MoveTo] Unknown reference link target &#39;F:BOOSE.Command.program&#39;.
SHFB: Warning BE0066: ResolveReferenceLinksComponent: [Fields.T:BOOSE.MoveTo] Unknown reference link target &#39;T:BOOSE.Command&#39;.
SHFB: Warning BE0066: ResolveReferenceLinksComponent: [Fields.T:BOOSE.MoveTo] Unknown reference link target &#39;F:BOOSE.CanvasCommand.xPos&#39;.
SHFB: Warning BE0066: ResolveReferenceLinksComponent: [Fields.T:BOOSE.MoveTo] Unknown reference link target &#39;T:BOOSE.CanvasCommand&#39;.
SHFB: Warning BE0066: ResolveReferenceLinksComponent: [Fields.T:BOOSE.MoveTo] Unknown reference link target &#39;F:BOOSE.CanvasCommand.yPos&#39;.
SHFB: Warning BE0066: ResolveReferenceLinksComponent: [Fields.T:BOOSE.MoveTo] Unknown reference link target &#39;T:BOOSE.CanvasCommand&#39;.
SHFB: Warning BE0066: ResolveReferenceLinksComponent: [M:BOOSE.MoveTo.#ctor(BOOSE.Canvas,System.Int32,System.Int32)] Unknown reference link target &#39;T:BOOSE.Canvas&#39;.
SHFB: Warning BE0066: ResolveReferenceLinksComponent: [M:BOOSE.MoveTo.CheckParameters(System.String[])] Unknown reference link target &#39;M:BOOSE.ICommand.CheckParameters(System.String[])&#39;.
SHFB: Warning BE0066: ResolveReferenceLinksComponent: [M:BOOSE.MoveTo.CheckParameters(System.String[])] Unknown reference link target &#39;T:BOOSE.CanvasException&#39;.
SHFB: Warning BE0066: ResolveReferenceLinksComponent: [M:BOOSE.MoveTo.Execute] Unknown reference link target &#39;T:BOOSE.CanvasException&#39;.
SHFB: Warning BE0066: ResolveReferenceLinksComponent: [M:BOOSE.MoveTo.Execute] Unknown reference link target &#39;M:BOOSE.ICommand.Execute&#39;.
SHFB: Warning BE0066: ResolveReferenceLinksComponent: [T:BOOSE.Pen] Unknown reference link target &#39;T:BOOSE.Command&#39;.
SHFB: Warning BE0066: ResolveReferenceLinksComponent: [T:BOOSE.Pen] Unknown reference link target &#39;T:BOOSE.CanvasCommand&#39;.
SHFB: Warning BE0066: ResolveReferenceLinksComponent: [T:BOOSE.Pen] Unknown reference link target &#39;T:BOOSE.CommandOneParameter&#39;.
SHFB: Warning BE0066: ResolveReferenceLinksComponent: [T:BOOSE.Pen] Unknown reference link target &#39;T:BOOSE.CommandTwoParameters&#39;.
SHFB: Warning BE0066: ResolveReferenceLinksComponent: [T:BOOSE.Pen] Unknown reference link target &#39;T:BOOSE.CommandThreeParameters&#39;.
SHFB: Warning BE0066: ResolveReferenceLinksComponent: [T:BOOSE.Pen] Unknown reference link target &#39;P:BOOSE.CanvasCommand.Canvas&#39;.
SHFB: Warning BE0066: ResolveReferenceLinksComponent: [T:BOOSE.Pen] Unknown reference link target &#39;T:BOOSE.CanvasCommand&#39;.
SHFB: Warning BE0066: ResolveReferenceLinksComponent: [T:BOOSE.Pen] Unknown reference link target &#39;P:BOOSE.Command.Name&#39;.
SHFB: Warning BE0066: ResolveReferenceLinksComponent: [T:BOOSE.Pen] Unknown reference link target &#39;T:BOOSE.Command&#39;.
SHFB: Warning BE0066: ResolveReferenceLinksComponent: [T:BOOSE.Pen] Unknown reference link target &#39;P:BOOSE.Command.ParameterList&#39;.
SHFB: Warning BE0066: ResolveReferenceLinksComponent: [T:BOOSE.Pen] Unknown reference link target &#39;T:BOOSE.Command&#39;.
SHFB: Warning BE0066: ResolveReferenceLinksComponent: [T:BOOSE.Pen] Unknown reference link target &#39;P:BOOSE.Command.Parameters&#39;.
SHFB: Warning BE0066: ResolveReferenceLinksComponent: [T:BOOSE.Pen] Unknown reference link target &#39;T:BOOSE.Command&#39;.
SHFB: Warning BE0066: ResolveReferenceLinksComponent: [T:BOOSE.Pen] Unknown reference link target &#39;P:BOOSE.Command.Paramsint&#39;.
SHFB: Warning BE0066: ResolveReferenceLinksComponent: [T:BOOSE.Pen] Unknown reference link target &#39;T:BOOSE.Command&#39;.
SHFB: Warning BE0066: ResolveReferenceLinksComponent: [T:BOOSE.Pen] Unknown reference link target &#39;P:BOOSE.Command.Program&#39;.
SHFB: Warning BE0066: ResolveReferenceLinksComponent: [T:BOOSE.Pen] Unknown reference link target &#39;T:BOOSE.Command&#39;.
SHFB: Warning BE0066: ResolveReferenceLinksComponent: [T:BOOSE.Pen] Unknown reference link target &#39;M:BOOSE.CommandThreeParameters.CheckParameters(System.String[])&#39;.
SHFB: Warning BE0066: ResolveReferenceLinksComponent: [T:BOOSE.Pen] Unknown reference link target &#39;M:BOOSE.Command.Compile&#39;.
SHFB: Warning BE0066: ResolveReferenceLinksComponent: [T:BOOSE.Pen] Unknown reference link target &#39;T:BOOSE.Command&#39;.
SHFB: Warning BE0066: ResolveReferenceLinksComponent: [T:BOOSE.Pen] Unknown reference link target &#39;M:BOOSE.Command.Execute&#39;.
SHFB: Warning BE0066: ResolveReferenceLinksComponent: [T:BOOSE.Pen] Unknown reference link target &#39;M:BOOSE.Command.ProcessParameters(System.String)&#39;.
SHFB: Warning BE0066: ResolveReferenceLinksComponent: [T:BOOSE.Pen] Unknown reference link target &#39;T:BOOSE.Command&#39;.
SHFB: Warning BE0066: ResolveReferenceLinksComponent: [T:BOOSE.Pen] Unknown reference link target &#39;M:BOOSE.Command.Set(BOOSE.StoredProgram,System.String)&#39;.
SHFB: Warning BE0066: ResolveReferenceLinksComponent: [T:BOOSE.Pen] Unknown reference link target &#39;T:BOOSE.Command&#39;.
SHFB: Warning BE0066: ResolveReferenceLinksComponent: [T:BOOSE.Pen] Unknown reference link target &#39;M:BOOSE.Command.ToString&#39;.
SHFB: Warning BE0066: ResolveReferenceLinksComponent: [T:BOOSE.Pen] Unknown reference link target &#39;T:BOOSE.Command&#39;.
SHFB: Warning BE0066: ResolveReferenceLinksComponent: [T:BOOSE.Pen] Unknown reference link target &#39;F:BOOSE.CanvasCommand.canvas&#39;.
SHFB: Warning BE0066: ResolveReferenceLinksComponent: [T:BOOSE.Pen] Unknown reference link target &#39;T:BOOSE.CanvasCommand&#39;.
SHFB: Warning BE0066: ResolveReferenceLinksComponent: [T:BOOSE.Pen] Unknown reference link target &#39;F:BOOSE.Command.IsDouble&#39;.
SHFB: Warning BE0066: ResolveReferenceLinksComponent: [T:BOOSE.Pen] Unknown reference link target &#39;T:BOOSE.Command&#39;.
SHFB: Warning BE0066: ResolveReferenceLinksComponent: [T:BOOSE.Pen] Unknown reference link target &#39;F:BOOSE.CommandOneParameter.param1&#39;.
SHFB: Warning BE0066: ResolveReferenceLinksComponent: [T:BOOSE.Pen] Unknown reference link target &#39;T:BOOSE.CommandOneParameter&#39;.
SHFB: Warning BE0066: ResolveReferenceLinksComponent: [T:BOOSE.Pen] Unknown reference link target &#39;F:BOOSE.CommandOneParameter.param1unprocessed&#39;.
SHFB: Warning BE0066: ResolveReferenceLinksComponent: [T:BOOSE.Pen] Unknown reference link target &#39;T:BOOSE.CommandOneParameter&#39;.
SHFB: Warning BE0066: ResolveReferenceLinksComponent: [T:BOOSE.Pen] Unknown reference link target &#39;F:BOOSE.CommandTwoParameters.param2&#39;.
SHFB: Warning BE0066: ResolveReferenceLinksComponent: [T:BOOSE.Pen] Unknown reference link target &#39;T:BOOSE.CommandTwoParameters&#39;.
SHFB: Warning BE0066: ResolveReferenceLinksComponent: [T:BOOSE.Pen] Unknown reference link target &#39;F:BOOSE.CommandTwoParameters.param2unprocessed&#39;.
SHFB: Warning BE0066: ResolveReferenceLinksComponent: [T:BOOSE.Pen] Unknown reference link target &#39;T:BOOSE.CommandTwoParameters&#39;.
SHFB: Warning BE0066: ResolveReferenceLinksComponent: [T:BOOSE.Pen] Unknown reference link target &#39;F:BOOSE.CommandThreeParameters.param3&#39;.
SHFB: Warning BE0066: ResolveReferenceLinksComponent: [T:BOOSE.Pen] Unknown reference link target &#39;T:BOOSE.CommandThreeParameters&#39;.
SHFB: Warning BE0066: ResolveReferenceLinksComponent: [T:BOOSE.Pen] Unknown reference link target &#39;F:BOOSE.CommandThreeParameters.param3unprocessed&#39;.
SHFB: Warning BE0066: ResolveReferenceLinksComponent: [T:BOOSE.Pen] Unknown reference link target &#39;T:BOOSE.CommandThreeParameters&#39;.
SHFB: Warning BE0066: ResolveReferenceLinksComponent: [T:BOOSE.Pen] Unknown reference link target &#39;F:BOOSE.Command.parameterList&#39;.
SHFB: Warning BE0066: ResolveReferenceLinksComponent: [T:BOOSE.Pen] Unknown reference link target &#39;T:BOOSE.Command&#39;.
SHFB: Warning BE0066: ResolveReferenceLinksComponent: [T:BOOSE.Pen] Unknown reference link target &#39;F:BOOSE.Command.parameters&#39;.
SHFB: Warning BE0066: ResolveReferenceLinksComponent: [T:BOOSE.Pen] Unknown reference link target &#39;T:BOOSE.Command&#39;.
SHFB: Warning BE0066: ResolveReferenceLinksComponent: [T:BOOSE.Pen] Unknown reference link target &#39;F:BOOSE.Command.paramsint&#39;.
SHFB: Warning BE0066: ResolveReferenceLinksComponent: [T:BOOSE.Pen] Unknown reference link target &#39;T:BOOSE.Command&#39;.
SHFB: Warning BE0066: ResolveReferenceLinksComponent: [T:BOOSE.Pen] Unknown reference link target &#39;F:BOOSE.Command.program&#39;.
SHFB: Warning BE0066: ResolveReferenceLinksComponent: [T:BOOSE.Pen] Unknown reference link target &#39;T:BOOSE.Command&#39;.
SHFB: Warning BE0066: ResolveReferenceLinksComponent: [T:BOOSE.Pen] Unknown reference link target &#39;F:BOOSE.CanvasCommand.xPos&#39;.
SHFB: Warning BE0066: ResolveReferenceLinksComponent: [T:BOOSE.Pen] Unknown reference link target &#39;T:BOOSE.CanvasCommand&#39;.
SHFB: Warning BE0066: ResolveReferenceLinksComponent: [T:BOOSE.Pen] Unknown reference link target &#39;F:BOOSE.CanvasCommand.yPos&#39;.
SHFB: Warning BE0066: ResolveReferenceLinksComponent: [T:BOOSE.Pen] Unknown reference link target &#39;T:BOOSE.CanvasCommand&#39;.
SHFB: Warning BE0066: ResolveReferenceLinksComponent: [Methods.T:BOOSE.Pen] Unknown reference link target &#39;M:BOOSE.CommandThreeParameters.CheckParameters(System.String[])&#39;.
SHFB: Warning BE0066: ResolveReferenceLinksComponent: [Methods.T:BOOSE.Pen] Unknown reference link target &#39;M:BOOSE.Command.Compile&#39;.
SHFB: Warning BE0066: ResolveReferenceLinksComponent: [Methods.T:BOOSE.Pen] Unknown reference link target &#39;T:BOOSE.Command&#39;.
SHFB: Warning BE0066: ResolveReferenceLinksComponent: [Methods.T:BOOSE.Pen] Unknown reference link target &#39;M:BOOSE.Command.Execute&#39;.
SHFB: Warning BE0066: ResolveReferenceLinksComponent: [Methods.T:BOOSE.Pen] Unknown reference link target &#39;M:BOOSE.Command.ProcessParameters(System.String)&#39;.
SHFB: Warning BE0066: ResolveReferenceLinksComponent: [Methods.T:BOOSE.Pen] Unknown reference link target &#39;T:BOOSE.Command&#39;.
SHFB: Warning BE0066: ResolveReferenceLinksComponent: [Methods.T:BOOSE.Pen] Unknown reference link target &#39;M:BOOSE.Command.Set(BOOSE.StoredProgram,System.String)&#39;.
SHFB: Warning BE0066: ResolveReferenceLinksComponent: [Methods.T:BOOSE.Pen] Unknown reference link target &#39;T:BOOSE.Command&#39;.
SHFB: Warning BE0066: ResolveReferenceLinksComponent: [Methods.T:BOOSE.Pen] Unknown reference link target &#39;M:BOOSE.Command.ToString&#39;.
SHFB: Warning BE0066: ResolveReferenceLinksComponent: [Methods.T:BOOSE.Pen] Unknown reference link target &#39;T:BOOSE.Command&#39;.
SHFB: Warning BE0066: ResolveReferenceLinksComponent: [Properties.T:BOOSE.Pen] Unknown reference link target &#39;P:BOOSE.CanvasCommand.Canvas&#39;.
SHFB: Warning BE0066: ResolveReferenceLinksComponent: [Properties.T:BOOSE.Pen] Unknown reference link target &#39;T:BOOSE.CanvasCommand&#39;.
SHFB: Warning BE0066: ResolveReferenceLinksComponent: [Properties.T:BOOSE.Pen] Unknown reference link target &#39;P:BOOSE.Command.Name&#39;.
SHFB: Warning BE0066: ResolveReferenceLinksComponent: [Properties.T:BOOSE.Pen] Unknown reference link target &#39;T:BOOSE.Command&#39;.
SHFB: Warning BE0066: ResolveReferenceLinksComponent: [Properties.T:BOOSE.Pen] Unknown reference link target &#39;P:BOOSE.Command.ParameterList&#39;.
SHFB: Warning BE0066: ResolveReferenceLinksComponent: [Properties.T:BOOSE.Pen] Unknown reference link target &#39;T:BOOSE.Command&#39;.
SHFB: Warning BE0066: ResolveReferenceLinksComponent: [Properties.T:BOOSE.Pen] Unknown reference link target &#39;P:BOOSE.Command.Parameters&#39;.
SHFB: Warning BE0066: ResolveReferenceLinksComponent: [Properties.T:BOOSE.Pen] Unknown reference link target &#39;T:BOOSE.Command&#39;.
SHFB: Warning BE0066: ResolveReferenceLinksComponent: [Properties.T:BOOSE.Pen] Unknown reference link target &#39;P:BOOSE.Command.Paramsint&#39;.
SHFB: Warning BE0066: ResolveReferenceLinksComponent: [Properties.T:BOOSE.Pen] Unknown reference link target &#39;T:BOOSE.Command&#39;.
SHFB: Warning BE0066: ResolveReferenceLinksComponent: [Properties.T:BOOSE.Pen] Unknown reference link target &#39;P:BOOSE.Command.Program&#39;.
SHFB: Warning BE0066: ResolveReferenceLinksComponent: [Properties.T:BOOSE.Pen] Unknown reference link target &#39;T:BOOSE.Command&#39;.
SHFB: Warning BE0066: ResolveReferenceLinksComponent: [Fields.T:BOOSE.Pen] Unknown reference link target &#39;F:BOOSE.CanvasCommand.canvas&#39;.
SHFB: Warning BE0066: ResolveReferenceLinksComponent: [Fields.T:BOOSE.Pen] Unknown reference link target &#39;T:BOOSE.CanvasCommand&#39;.
SHFB: Warning BE0066: ResolveReferenceLinksComponent: [Fields.T:BOOSE.Pen] Unknown reference link target &#39;F:BOOSE.Command.IsDouble&#39;.
SHFB: Warning BE0066: ResolveReferenceLinksComponent: [Fields.T:BOOSE.Pen] Unknown reference link target &#39;T:BOOSE.Command&#39;.
SHFB: Warning BE0066: ResolveReferenceLinksComponent: [Fields.T:BOOSE.Pen] Unknown reference link target &#39;F:BOOSE.CommandOneParameter.param1&#39;.
SHFB: Warning BE0066: ResolveReferenceLinksComponent: [Fields.T:BOOSE.Pen] Unknown reference link target &#39;T:BOOSE.CommandOneParameter&#39;.
SHFB: Warning BE0066: ResolveReferenceLinksComponent: [Fields.T:BOOSE.Pen] Unknown reference link target &#39;F:BOOSE.CommandOneParameter.param1unprocessed&#39;.
SHFB: Warning BE0066: ResolveReferenceLinksComponent: [Fields.T:BOOSE.Pen] Unknown reference link target &#39;T:BOOSE.CommandOneParameter&#39;.
SHFB: Warning BE0066: ResolveReferenceLinksComponent: [Fields.T:BOOSE.Pen] Unknown reference link target &#39;F:BOOSE.CommandTwoParameters.param2&#39;.
SHFB: Warning BE0066: ResolveReferenceLinksComponent: [Fields.T:BOOSE.Pen] Unknown reference link target &#39;T:BOOSE.CommandTwoParameters&#39;.
SHFB: Warning BE0066: ResolveReferenceLinksComponent: [Fields.T:BOOSE.Pen] Unknown reference link target &#39;F:BOOSE.CommandTwoParameters.param2unprocessed&#39;.
SHFB: Warning BE0066: ResolveReferenceLinksComponent: [Fields.T:BOOSE.Pen] Unknown reference link target &#39;T:BOOSE.CommandTwoParameters&#39;.
SHFB: Warning BE0066: ResolveReferenceLinksComponent: [Fields.T:BOOSE.Pen] Unknown reference link target &#39;F:BOOSE.CommandThreeParameters.param3&#39;.
SHFB: Warning BE0066: ResolveReferenceLinksComponent: [Fields.T:BOOSE.Pen] Unknown reference link target &#39;T:BOOSE.CommandThreeParameters&#39;.
SHFB: Warning BE0066: ResolveReferenceLinksComponent: [Fields.T:BOOSE.Pen] Unknown reference link target &#39;F:BOOSE.CommandThreeParameters.param3unprocessed&#39;.
SHFB: Warning BE0066: ResolveReferenceLinksComponent: [Fields.T:BOOSE.Pen] Unknown reference link target &#39;T:BOOSE.CommandThreeParameters&#39;.
SHFB: Warning BE0066: ResolveReferenceLinksComponent: [Fields.T:BOOSE.Pen] Unknown reference link target &#39;F:BOOSE.Command.parameterList&#39;.
SHFB: Warning BE0066: ResolveReferenceLinksComponent: [Fields.T:BOOSE.Pen] Unknown reference link target &#39;T:BOOSE.Command&#39;.
SHFB: Warning BE0066: ResolveReferenceLinksComponent: [Fields.T:BOOSE.Pen] Unknown reference link target &#39;F:BOOSE.Command.parameters&#39;.
SHFB: Warning BE0066: ResolveReferenceLinksComponent: [Fields.T:BOOSE.Pen] Unknown reference link target &#39;T:BOOSE.Command&#39;.
SHFB: Warning BE0066: ResolveReferenceLinksComponent: [Fields.T:BOOSE.Pen] Unknown reference link target &#39;F:BOOSE.Command.paramsint&#39;.
SHFB: Warning BE0066: ResolveReferenceLinksComponent: [Fields.T:BOOSE.Pen] Unknown reference link target &#39;T:BOOSE.Command&#39;.
SHFB: Warning BE0066: ResolveReferenceLinksComponent: [Fields.T:BOOSE.Pen] Unknown reference link target &#39;F:BOOSE.Command.program&#39;.
SHFB: Warning BE0066: ResolveReferenceLinksComponent: [Fields.T:BOOSE.Pen] Unknown reference link target &#39;T:BOOSE.Command&#39;.
SHFB: Warning BE0066: ResolveReferenceLinksComponent: [Fields.T:BOOSE.Pen] Unknown reference link target &#39;F:BOOSE.CanvasCommand.xPos&#39;.
SHFB: Warning BE0066: ResolveReferenceLinksComponent: [Fields.T:BOOSE.Pen] Unknown reference link target &#39;T:BOOSE.CanvasCommand&#39;.
SHFB: Warning BE0066: ResolveReferenceLinksComponent: [Fields.T:BOOSE.Pen] Unknown reference link target &#39;F:BOOSE.CanvasCommand.yPos&#39;.
SHFB: Warning BE0066: ResolveReferenceLinksComponent: [Fields.T:BOOSE.Pen] Unknown reference link target &#39;T:BOOSE.CanvasCommand&#39;.
SHFB: Warning BE0066: ResolveReferenceLinksComponent: [M:BOOSE.Pen.CheckParameters(System.String[])] Unknown reference link target &#39;M:BOOSE.ICommand.CheckParameters(System.String[])&#39;.
SHFB: Warning BE0066: ResolveReferenceLinksComponent: [M:BOOSE.Pen.CheckParameters(System.String[])] Unknown reference link target &#39;T:BOOSE.CanvasException&#39;.
SHFB: Warning BE0066: ResolveReferenceLinksComponent: [M:BOOSE.Pen.Execute] Unknown reference link target &#39;M:BOOSE.ICommand.Execute&#39;.
SHFB: Warning BE0066: ResolveReferenceLinksComponent: [T:BOOSE.Rect] Unknown reference link target &#39;T:BOOSE.Command&#39;.
SHFB: Warning BE0066: ResolveReferenceLinksComponent: [T:BOOSE.Rect] Unknown reference link target &#39;T:BOOSE.CanvasCommand&#39;.
SHFB: Warning BE0066: ResolveReferenceLinksComponent: [T:BOOSE.Rect] Unknown reference link target &#39;T:BOOSE.CommandOneParameter&#39;.
SHFB: Warning BE0066: ResolveReferenceLinksComponent: [T:BOOSE.Rect] Unknown reference link target &#39;T:BOOSE.CommandTwoParameters&#39;.
SHFB: Warning BE0066: ResolveReferenceLinksComponent: [T:BOOSE.Rect] Unknown reference link target &#39;P:BOOSE.CanvasCommand.Canvas&#39;.
SHFB: Warning BE0066: ResolveReferenceLinksComponent: [T:BOOSE.Rect] Unknown reference link target &#39;T:BOOSE.CanvasCommand&#39;.
SHFB: Warning BE0066: ResolveReferenceLinksComponent: [T:BOOSE.Rect] Unknown reference link target &#39;P:BOOSE.Command.Name&#39;.
SHFB: Warning BE0066: ResolveReferenceLinksComponent: [T:BOOSE.Rect] Unknown reference link target &#39;T:BOOSE.Command&#39;.
SHFB: Warning BE0066: ResolveReferenceLinksComponent: [T:BOOSE.Rect] Unknown reference link target &#39;P:BOOSE.Command.ParameterList&#39;.
SHFB: Warning BE0066: ResolveReferenceLinksComponent: [T:BOOSE.Rect] Unknown reference link target &#39;T:BOOSE.Command&#39;.
SHFB: Warning BE0066: ResolveReferenceLinksComponent: [T:BOOSE.Rect] Unknown reference link target &#39;P:BOOSE.Command.Parameters&#39;.
SHFB: Warning BE0066: ResolveReferenceLinksComponent: [T:BOOSE.Rect] Unknown reference link target &#39;T:BOOSE.Command&#39;.
SHFB: Warning BE0066: ResolveReferenceLinksComponent: [T:BOOSE.Rect] Unknown reference link target &#39;P:BOOSE.Command.Paramsint&#39;.
SHFB: Warning BE0066: ResolveReferenceLinksComponent: [T:BOOSE.Rect] Unknown reference link target &#39;T:BOOSE.Command&#39;.
SHFB: Warning BE0066: ResolveReferenceLinksComponent: [T:BOOSE.Rect] Unknown reference link target &#39;P:BOOSE.Command.Program&#39;.
SHFB: Warning BE0066: ResolveReferenceLinksComponent: [T:BOOSE.Rect] Unknown reference link target &#39;T:BOOSE.Command&#39;.
SHFB: Warning BE0066: ResolveReferenceLinksComponent: [T:BOOSE.Rect] Unknown reference link target &#39;M:BOOSE.CommandTwoParameters.CheckParameters(System.String[])&#39;.
SHFB: Warning BE0066: ResolveReferenceLinksComponent: [T:BOOSE.Rect] Unknown reference link target &#39;M:BOOSE.Command.Compile&#39;.
SHFB: Warning BE0066: ResolveReferenceLinksComponent: [T:BOOSE.Rect] Unknown reference link target &#39;T:BOOSE.Command&#39;.
SHFB: Warning BE0066: ResolveReferenceLinksComponent: [T:BOOSE.Rect] Unknown reference link target &#39;M:BOOSE.Command.Execute&#39;.
SHFB: Warning BE0066: ResolveReferenceLinksComponent: [T:BOOSE.Rect] Unknown reference link target &#39;M:BOOSE.Command.ProcessParameters(System.String)&#39;.
SHFB: Warning BE0066: ResolveReferenceLinksComponent: [T:BOOSE.Rect] Unknown reference link target &#39;T:BOOSE.Command&#39;.
SHFB: Warning BE0066: ResolveReferenceLinksComponent: [T:BOOSE.Rect] Unknown reference link target &#39;M:BOOSE.Command.Set(BOOSE.StoredProgram,System.String)&#39;.
SHFB: Warning BE0066: ResolveReferenceLinksComponent: [T:BOOSE.Rect] Unknown reference link target &#39;T:BOOSE.Command&#39;.
SHFB: Warning BE0066: ResolveReferenceLinksComponent: [T:BOOSE.Rect] Unknown reference link target &#39;M:BOOSE.Command.ToString&#39;.
SHFB: Warning BE0066: ResolveReferenceLinksComponent: [T:BOOSE.Rect] Unknown reference link target &#39;T:BOOSE.Command&#39;.
SHFB: Warning BE0066: ResolveReferenceLinksComponent: [T:BOOSE.Rect] Unknown reference link target &#39;F:BOOSE.CanvasCommand.canvas&#39;.
SHFB: Warning BE0066: ResolveReferenceLinksComponent: [T:BOOSE.Rect] Unknown reference link target &#39;T:BOOSE.CanvasCommand&#39;.
SHFB: Warning BE0066: ResolveReferenceLinksComponent: [T:BOOSE.Rect] Unknown reference link target &#39;F:BOOSE.Command.IsDouble&#39;.
SHFB: Warning BE0066: ResolveReferenceLinksComponent: [T:BOOSE.Rect] Unknown reference link target &#39;T:BOOSE.Command&#39;.
SHFB: Warning BE0066: ResolveReferenceLinksComponent: [T:BOOSE.Rect] Unknown reference link target &#39;F:BOOSE.CommandOneParameter.param1&#39;.
SHFB: Warning BE0066: ResolveReferenceLinksComponent: [T:BOOSE.Rect] Unknown reference link target &#39;T:BOOSE.CommandOneParameter&#39;.
SHFB: Warning BE0066: ResolveReferenceLinksComponent: [T:BOOSE.Rect] Unknown reference link target &#39;F:BOOSE.CommandOneParameter.param1unprocessed&#39;.
SHFB: Warning BE0066: ResolveReferenceLinksComponent: [T:BOOSE.Rect] Unknown reference link target &#39;T:BOOSE.CommandOneParameter&#39;.
SHFB: Warning BE0066: ResolveReferenceLinksComponent: [T:BOOSE.Rect] Unknown reference link target &#39;F:BOOSE.CommandTwoParameters.param2&#39;.
SHFB: Warning BE0066: ResolveReferenceLinksComponent: [T:BOOSE.Rect] Unknown reference link target &#39;T:BOOSE.CommandTwoParameters&#39;.
SHFB: Warning BE0066: ResolveReferenceLinksComponent: [T:BOOSE.Rect] Unknown reference link target &#39;F:BOOSE.CommandTwoParameters.param2unprocessed&#39;.
SHFB: Warning BE0066: ResolveReferenceLinksComponent: [T:BOOSE.Rect] Unknown reference link target &#39;T:BOOSE.CommandTwoParameters&#39;.
SHFB: Warning BE0066: ResolveReferenceLinksComponent: [T:BOOSE.Rect] Unknown reference link target &#39;F:BOOSE.Command.parameterList&#39;.
SHFB: Warning BE0066: ResolveReferenceLinksComponent: [T:BOOSE.Rect] Unknown reference link target &#39;T:BOOSE.Command&#39;.
SHFB: Warning BE0066: ResolveReferenceLinksComponent: [T:BOOSE.Rect] Unknown reference link target &#39;F:BOOSE.Command.parameters&#39;.
SHFB: Warning BE0066: ResolveReferenceLinksComponent: [T:BOOSE.Rect] Unknown reference link target &#39;T:BOOSE.Command&#39;.
SHFB: Warning BE0066: ResolveReferenceLinksComponent: [T:BOOSE.Rect] Unknown reference link target &#39;F:BOOSE.Command.paramsint&#39;.
SHFB: Warning BE0066: ResolveReferenceLinksComponent: [T:BOOSE.Rect] Unknown reference link target &#39;T:BOOSE.Command&#39;.
SHFB: Warning BE0066: ResolveReferenceLinksComponent: [T:BOOSE.Rect] Unknown reference link target &#39;F:BOOSE.Command.program&#39;.
SHFB: Warning BE0066: ResolveReferenceLinksComponent: [T:BOOSE.Rect] Unknown reference link target &#39;T:BOOSE.Command&#39;.
SHFB: Warning BE0066: ResolveReferenceLinksComponent: [T:BOOSE.Rect] Unknown reference link target &#39;F:BOOSE.CanvasCommand.xPos&#39;.
SHFB: Warning BE0066: ResolveReferenceLinksComponent: [T:BOOSE.Rect] Unknown reference link target &#39;T:BOOSE.CanvasCommand&#39;.
SHFB: Warning BE0066: ResolveReferenceLinksComponent: [T:BOOSE.Rect] Unknown reference link target &#39;F:BOOSE.CanvasCommand.yPos&#39;.
SHFB: Warning BE0066: ResolveReferenceLinksComponent: [T:BOOSE.Rect] Unknown reference link target &#39;T:BOOSE.CanvasCommand&#39;.
SHFB: Warning BE0066: ResolveReferenceLinksComponent: [Methods.T:BOOSE.Rect] Unknown reference link target &#39;M:BOOSE.CommandTwoParameters.CheckParameters(System.String[])&#39;.
SHFB: Warning BE0066: ResolveReferenceLinksComponent: [Methods.T:BOOSE.Rect] Unknown reference link target &#39;M:BOOSE.Command.Compile&#39;.
SHFB: Warning BE0066: ResolveReferenceLinksComponent: [Methods.T:BOOSE.Rect] Unknown reference link target &#39;T:BOOSE.Command&#39;.
SHFB: Warning BE0066: ResolveReferenceLinksComponent: [Methods.T:BOOSE.Rect] Unknown reference link target &#39;M:BOOSE.Command.Execute&#39;.
SHFB: Warning BE0066: ResolveReferenceLinksComponent: [Methods.T:BOOSE.Rect] Unknown reference link target &#39;M:BOOSE.Command.ProcessParameters(System.String)&#39;.
SHFB: Warning BE0066: ResolveReferenceLinksComponent: [Methods.T:BOOSE.Rect] Unknown reference link target &#39;T:BOOSE.Command&#39;.
SHFB: Warning BE0066: ResolveReferenceLinksComponent: [Methods.T:BOOSE.Rect] Unknown reference link target &#39;M:BOOSE.Command.Set(BOOSE.StoredProgram,System.String)&#39;.
SHFB: Warning BE0066: ResolveReferenceLinksComponent: [Methods.T:BOOSE.Rect] Unknown reference link target &#39;T:BOOSE.Command&#39;.
SHFB: Warning BE0066: ResolveReferenceLinksComponent: [Methods.T:BOOSE.Rect] Unknown reference link target &#39;M:BOOSE.Command.ToString&#39;.
SHFB: Warning BE0066: ResolveReferenceLinksComponent: [Methods.T:BOOSE.Rect] Unknown reference link target &#39;T:BOOSE.Command&#39;.
SHFB: Warning BE0066: ResolveReferenceLinksComponent: [Properties.T:BOOSE.Rect] Unknown reference link target &#39;P:BOOSE.CanvasCommand.Canvas&#39;.
SHFB: Warning BE0066: ResolveReferenceLinksComponent: [Properties.T:BOOSE.Rect] Unknown reference link target &#39;T:BOOSE.CanvasCommand&#39;.
SHFB: Warning BE0066: ResolveReferenceLinksComponent: [Properties.T:BOOSE.Rect] Unknown reference link target &#39;P:BOOSE.Command.Name&#39;.
SHFB: Warning BE0066: ResolveReferenceLinksComponent: [Properties.T:BOOSE.Rect] Unknown reference link target &#39;T:BOOSE.Command&#39;.
SHFB: Warning BE0066: ResolveReferenceLinksComponent: [Properties.T:BOOSE.Rect] Unknown reference link target &#39;P:BOOSE.Command.ParameterList&#39;.
SHFB: Warning BE0066: ResolveReferenceLinksComponent: [Properties.T:BOOSE.Rect] Unknown reference link target &#39;T:BOOSE.Command&#39;.
SHFB: Warning BE0066: ResolveReferenceLinksComponent: [Properties.T:BOOSE.Rect] Unknown reference link target &#39;P:BOOSE.Command.Parameters&#39;.
SHFB: Warning BE0066: ResolveReferenceLinksComponent: [Properties.T:BOOSE.Rect] Unknown reference link target &#39;T:BOOSE.Command&#39;.
SHFB: Warning BE0066: ResolveReferenceLinksComponent: [Properties.T:BOOSE.Rect] Unknown reference link target &#39;P:BOOSE.Command.Paramsint&#39;.
SHFB: Warning BE0066: ResolveReferenceLinksComponent: [Properties.T:BOOSE.Rect] Unknown reference link target &#39;T:BOOSE.Command&#39;.
SHFB: Warning BE0066: ResolveReferenceLinksComponent: [Properties.T:BOOSE.Rect] Unknown reference link target &#39;P:BOOSE.Command.Program&#39;.
SHFB: Warning BE0066: ResolveReferenceLinksComponent: [Properties.T:BOOSE.Rect] Unknown reference link target &#39;T:BOOSE.Command&#39;.
SHFB: Warning BE0066: ResolveReferenceLinksComponent: [Fields.T:BOOSE.Rect] Unknown reference link target &#39;F:BOOSE.CanvasCommand.canvas&#39;.
SHFB: Warning BE0066: ResolveReferenceLinksComponent: [Fields.T:BOOSE.Rect] Unknown reference link target &#39;T:BOOSE.CanvasCommand&#39;.
SHFB: Warning BE0066: ResolveReferenceLinksComponent: [Fields.T:BOOSE.Rect] Unknown reference link target &#39;F:BOOSE.Command.IsDouble&#39;.
SHFB: Warning BE0066: ResolveReferenceLinksComponent: [Fields.T:BOOSE.Rect] Unknown reference link target &#39;T:BOOSE.Command&#39;.
SHFB: Warning BE0066: ResolveReferenceLinksComponent: [Fields.T:BOOSE.Rect] Unknown reference link target &#39;F:BOOSE.CommandOneParameter.param1&#39;.
SHFB: Warning BE0066: ResolveReferenceLinksComponent: [Fields.T:BOOSE.Rect] Unknown reference link target &#39;T:BOOSE.CommandOneParameter&#39;.
SHFB: Warning BE0066: ResolveReferenceLinksComponent: [Fields.T:BOOSE.Rect] Unknown reference link target &#39;F:BOOSE.CommandOneParameter.param1unprocessed&#39;.
SHFB: Warning BE0066: ResolveReferenceLinksComponent: [Fields.T:BOOSE.Rect] Unknown reference link target &#39;T:BOOSE.CommandOneParameter&#39;.
SHFB: Warning BE0066: ResolveReferenceLinksComponent: [Fields.T:BOOSE.Rect] Unknown reference link target &#39;F:BOOSE.CommandTwoParameters.param2&#39;.
SHFB: Warning BE0066: ResolveReferenceLinksComponent: [Fields.T:BOOSE.Rect] Unknown reference link target &#39;T:BOOSE.CommandTwoParameters&#39;.
SHFB: Warning BE0066: ResolveReferenceLinksComponent: [Fields.T:BOOSE.Rect] Unknown reference link target &#39;F:BOOSE.CommandTwoParameters.param2unprocessed&#39;.
SHFB: Warning BE0066: ResolveReferenceLinksComponent: [Fields.T:BOOSE.Rect] Unknown reference link target &#39;T:BOOSE.CommandTwoParameters&#39;.
SHFB: Warning BE0066: ResolveReferenceLinksComponent: [Fields.T:BOOSE.Rect] Unknown reference link target &#39;F:BOOSE.Command.parameterList&#39;.
SHFB: Warning BE0066: ResolveReferenceLinksComponent: [Fields.T:BOOSE.Rect] Unknown reference link target &#39;T:BOOSE.Command&#39;.
SHFB: Warning BE0066: ResolveReferenceLinksComponent: [Fields.T:BOOSE.Rect] Unknown reference link target &#39;F:BOOSE.Command.parameters&#39;.
SHFB: Warning BE0066: ResolveReferenceLinksComponent: [Fields.T:BOOSE.Rect] Unknown reference link target &#39;T:BOOSE.Command&#39;.
SHFB: Warning BE0066: ResolveReferenceLinksComponent: [Fields.T:BOOSE.Rect] Unknown reference link target &#39;F:BOOSE.Command.paramsint&#39;.
SHFB: Warning BE0066: ResolveReferenceLinksComponent: [Fields.T:BOOSE.Rect] Unknown reference link target &#39;T:BOOSE.Command&#39;.
SHFB: Warning BE0066: ResolveReferenceLinksComponent: [Fields.T:BOOSE.Rect] Unknown reference link target &#39;F:BOOSE.Command.program&#39;.
SHFB: Warning BE0066: ResolveReferenceLinksComponent: [Fields.T:BOOSE.Rect] Unknown reference link target &#39;T:BOOSE.Command&#39;.
SHFB: Warning BE0066: ResolveReferenceLinksComponent: [Fields.T:BOOSE.Rect] Unknown reference link target &#39;F:BOOSE.CanvasCommand.xPos&#39;.
SHFB: Warning BE0066: ResolveReferenceLinksComponent: [Fields.T:BOOSE.Rect] Unknown reference link target &#39;T:BOOSE.CanvasCommand&#39;.
SHFB: Warning BE0066: ResolveReferenceLinksComponent: [Fields.T:BOOSE.Rect] Unknown reference link target &#39;F:BOOSE.CanvasCommand.yPos&#39;.
SHFB: Warning BE0066: ResolveReferenceLinksComponent: [Fields.T:BOOSE.Rect] Unknown reference link target &#39;T:BOOSE.CanvasCommand&#39;.
SHFB: Warning BE0066: ResolveReferenceLinksComponent: [M:BOOSE.Rect.#ctor(BOOSE.Canvas,System.Int32,System.Int32)] Unknown reference link target &#39;T:BOOSE.Canvas&#39;.
SHFB: Warning BE0066: ResolveReferenceLinksComponent: [M:BOOSE.Rect.CheckParameters(System.String[])] Unknown reference link target &#39;M:BOOSE.ICommand.CheckParameters(System.String[])&#39;.
SHFB: Warning BE0066: ResolveReferenceLinksComponent: [M:BOOSE.Rect.CheckParameters(System.String[])] Unknown reference link target &#39;T:BOOSE.CanvasException&#39;.
SHFB: Warning BE0066: ResolveReferenceLinksComponent: [M:BOOSE.Rect.Execute] Unknown reference link target &#39;M:BOOSE.ICommand.Execute&#39;.
SHFB: Warning BE0066: ShowMissingComponent: [N:Booseapp] Missing &lt;summary&gt; documentation
Processed 65 topic(s)
429 warning(s)
CopyFromIndexComponent: &quot;reflection&quot; in-memory cache entries used: 2 of 15.
CopyFromIndexComponent: &quot;comments&quot; in-memory cache entries used: 4 of 30.
<plugIn name="Website Table of Contents Generator" behavior="After" priority="1000">
Generating TOC fragment files
</plugIn>    Last step completed in 00:00:08.6672
</buildStep>
<buildStep step="CopyStandardHelpContent">
Copying standard help content...
C:\Program Files (x86)\EWSoftware\Sandcastle Help File Builder\Components\Default2022\css\bulma.css -&gt; C:\Users\ASUS\Desktop\ase-boose-assignment-nischal07-create\Booseapp\Help\Working\Output\Website\css\bulma.css
C:\Program Files (x86)\EWSoftware\Sandcastle Help File Builder\Components\Default2022\css\bulma.css.map -&gt; C:\Users\ASUS\Desktop\ase-boose-assignment-nischal07-create\Booseapp\Help\Working\Output\Website\css\bulma.css.map
C:\Program Files (x86)\EWSoftware\Sandcastle Help File Builder\Components\Default2022\css\bulma.min.css -&gt; C:\Users\ASUS\Desktop\ase-boose-assignment-nischal07-create\Booseapp\Help\Working\Output\Website\css\bulma.min.css
C:\Program Files (x86)\EWSoftware\Sandcastle Help File Builder\Components\Default2022\css\font-awesome.css -&gt; C:\Users\ASUS\Desktop\ase-boose-assignment-nischal07-create\Booseapp\Help\Working\Output\Website\css\font-awesome.css
C:\Program Files (x86)\EWSoftware\Sandcastle Help File Builder\Components\Default2022\css\font-awesome.min.css -&gt; C:\Users\ASUS\Desktop\ase-boose-assignment-nischal07-create\Booseapp\Help\Working\Output\Website\css\font-awesome.min.css
C:\Program Files (x86)\EWSoftware\Sandcastle Help File Builder\Components\Default2022\css\ja-JP.css -&gt; C:\Users\ASUS\Desktop\ase-boose-assignment-nischal07-create\Booseapp\Help\Working\Output\Website\css\ja-JP.css
C:\Program Files (x86)\EWSoftware\Sandcastle Help File Builder\Components\Default2022\css\ko-KR.css -&gt; C:\Users\ASUS\Desktop\ase-boose-assignment-nischal07-create\Booseapp\Help\Working\Output\Website\css\ko-KR.css
C:\Program Files (x86)\EWSoftware\Sandcastle Help File Builder\Components\Default2022\css\presentationStyle.css -&gt; C:\Users\ASUS\Desktop\ase-boose-assignment-nischal07-create\Booseapp\Help\Working\Output\Website\css\presentationStyle.css
C:\Program Files (x86)\EWSoftware\Sandcastle Help File Builder\Components\Default2022\css\vs.min.css -&gt; C:\Users\ASUS\Desktop\ase-boose-assignment-nischal07-create\Booseapp\Help\Working\Output\Website\css\vs.min.css
C:\Program Files (x86)\EWSoftware\Sandcastle Help File Builder\Components\Default2022\css\zh-CN.css -&gt; C:\Users\ASUS\Desktop\ase-boose-assignment-nischal07-create\Booseapp\Help\Working\Output\Website\css\zh-CN.css
C:\Program Files (x86)\EWSoftware\Sandcastle Help File Builder\Components\Default2022\css\zh-TW.css -&gt; C:\Users\ASUS\Desktop\ase-boose-assignment-nischal07-create\Booseapp\Help\Working\Output\Website\css\zh-TW.css
C:\Program Files (x86)\EWSoftware\Sandcastle Help File Builder\Components\Default2022\icons\favicon.ico -&gt; C:\Users\ASUS\Desktop\ase-boose-assignment-nischal07-create\Booseapp\Help\Working\Output\Website\icons\favicon.ico
C:\Program Files (x86)\EWSoftware\Sandcastle Help File Builder\Components\Default2022\scripts\clipboard.min.js -&gt; C:\Users\ASUS\Desktop\ase-boose-assignment-nischal07-create\Booseapp\Help\Working\Output\Website\scripts\clipboard.min.js
C:\Program Files (x86)\EWSoftware\Sandcastle Help File Builder\Components\Default2022\scripts\highlight.min.js -&gt; C:\Users\ASUS\Desktop\ase-boose-assignment-nischal07-create\Booseapp\Help\Working\Output\Website\scripts\highlight.min.js
C:\Program Files (x86)\EWSoftware\Sandcastle Help File Builder\Components\Default2022\scripts\jquery-3.5.1.min.js -&gt; C:\Users\ASUS\Desktop\ase-boose-assignment-nischal07-create\Booseapp\Help\Working\Output\Website\scripts\jquery-3.5.1.min.js
C:\Program Files (x86)\EWSoftware\Sandcastle Help File Builder\Components\Default2022\scripts\presentationStyle.js -&gt; C:\Users\ASUS\Desktop\ase-boose-assignment-nischal07-create\Booseapp\Help\Working\Output\Website\scripts\presentationStyle.js
C:\Program Files (x86)\EWSoftware\Sandcastle Help File Builder\Components\Default2022\webfonts\fa-brands-400.ttf -&gt; C:\Users\ASUS\Desktop\ase-boose-assignment-nischal07-create\Booseapp\Help\Working\Output\Website\webfonts\fa-brands-400.ttf
C:\Program Files (x86)\EWSoftware\Sandcastle Help File Builder\Components\Default2022\webfonts\fa-brands-400.woff2 -&gt; C:\Users\ASUS\Desktop\ase-boose-assignment-nischal07-create\Booseapp\Help\Working\Output\Website\webfonts\fa-brands-400.woff2
C:\Program Files (x86)\EWSoftware\Sandcastle Help File Builder\Components\Default2022\webfonts\fa-regular-400.ttf -&gt; C:\Users\ASUS\Desktop\ase-boose-assignment-nischal07-create\Booseapp\Help\Working\Output\Website\webfonts\fa-regular-400.ttf
C:\Program Files (x86)\EWSoftware\Sandcastle Help File Builder\Components\Default2022\webfonts\fa-regular-400.woff2 -&gt; C:\Users\ASUS\Desktop\ase-boose-assignment-nischal07-create\Booseapp\Help\Working\Output\Website\webfonts\fa-regular-400.woff2
C:\Program Files (x86)\EWSoftware\Sandcastle Help File Builder\Components\Default2022\webfonts\fa-solid-900.ttf -&gt; C:\Users\ASUS\Desktop\ase-boose-assignment-nischal07-create\Booseapp\Help\Working\Output\Website\webfonts\fa-solid-900.ttf
C:\Program Files (x86)\EWSoftware\Sandcastle Help File Builder\Components\Default2022\webfonts\fa-solid-900.woff2 -&gt; C:\Users\ASUS\Desktop\ase-boose-assignment-nischal07-create\Booseapp\Help\Working\Output\Website\webfonts\fa-solid-900.woff2
C:\Program Files (x86)\EWSoftware\Sandcastle Help File Builder\Components\Default2022\webfonts\fa-v4compatibility.ttf -&gt; C:\Users\ASUS\Desktop\ase-boose-assignment-nischal07-create\Booseapp\Help\Working\Output\Website\webfonts\fa-v4compatibility.ttf
C:\Program Files (x86)\EWSoftware\Sandcastle Help File Builder\Components\Default2022\webfonts\fa-v4compatibility.woff2 -&gt; C:\Users\ASUS\Desktop\ase-boose-assignment-nischal07-create\Booseapp\Help\Working\Output\Website\webfonts\fa-v4compatibility.woff2
C:\Program Files (x86)\EWSoftware\Sandcastle Help File Builder\Components\Default2022\RootWebsiteContent\GeneralError.html -&gt; C:\Users\ASUS\Desktop\ase-boose-assignment-nischal07-create\Booseapp\Help\Working\Output\Website\GeneralError.html
C:\Program Files (x86)\EWSoftware\Sandcastle Help File Builder\Components\Default2022\RootWebsiteContent\index.html -&gt; C:\Users\ASUS\Desktop\ase-boose-assignment-nischal07-create\Booseapp\Help\Working\Output\Website\index.html
C:\Program Files (x86)\EWSoftware\Sandcastle Help File Builder\Components\Default2022\RootWebsiteContent\PageNotFound.html -&gt; C:\Users\ASUS\Desktop\ase-boose-assignment-nischal07-create\Booseapp\Help\Working\Output\Website\PageNotFound.html
C:\Program Files (x86)\EWSoftware\Sandcastle Help File Builder\Components\Default2022\RootWebsiteContent\search.html -&gt; C:\Users\ASUS\Desktop\ase-boose-assignment-nischal07-create\Booseapp\Help\Working\Output\Website\search.html
C:\Program Files (x86)\EWSoftware\Sandcastle Help File Builder\Components\Default2022\RootWebsiteContent\SearchHelp.aspx -&gt; C:\Users\ASUS\Desktop\ase-boose-assignment-nischal07-create\Booseapp\Help\Working\Output\Website\SearchHelp.aspx
C:\Program Files (x86)\EWSoftware\Sandcastle Help File Builder\Components\Default2022\RootWebsiteContent\SearchHelp.inc.php -&gt; C:\Users\ASUS\Desktop\ase-boose-assignment-nischal07-create\Booseapp\Help\Working\Output\Website\SearchHelp.inc.php
C:\Program Files (x86)\EWSoftware\Sandcastle Help File Builder\Components\Default2022\RootWebsiteContent\SearchHelp.php -&gt; C:\Users\ASUS\Desktop\ase-boose-assignment-nischal07-create\Booseapp\Help\Working\Output\Website\SearchHelp.php
C:\Program Files (x86)\EWSoftware\Sandcastle Help File Builder\Components\Default2022\RootWebsiteContent\Web.Config -&gt; C:\Users\ASUS\Desktop\ase-boose-assignment-nischal07-create\Booseapp\Help\Working\Output\Website\Web.Config
    Last step completed in 00:00:00.4105
</buildStep>
<buildStep step="GenerateFullTextIndex">
Generating full-text index for the website...

    Last step completed in 00:00:00.9180
</buildStep>
<buildStep step="CopyingWebsiteFiles">
Copying website files to output folder...

Copied 147 files for the website content
    Last step completed in 00:00:00.2369
</buildStep>
<buildStep step="CleanIntermediates">
Removing intermediate files...
    Last step completed in 00:00:00.0524
</buildStep>
<buildStep step="Completed">

Build completed successfully at 12/8/2025 3:34:32 PM.  Total time: 00:00:14.4797

</buildStep>
</shfbBuild>
